<?xml version="1.0" encoding="UTF-8"?>
<!-- Generated by org.testng.reporters.JUnitReportReporter -->
<testsuite hostname="LTIN569954" failures="0" tests="5" name="TestRunner.TestRunner" time="166.382" errors="0" timestamp="2025-07-11T18:11:34 IST" skipped="0">
  <testcase classname="TestRunner.TestRunner" name="runScenario" time="33.575"/>
  <testcase classname="TestRunner.TestRunner" name="runScenario" time="25.870"/>
  <testcase classname="TestRunner.TestRunner" name="runScenario" time="24.867"/>
  <testcase classname="TestRunner.TestRunner" name="runScenario" time="56.626"/>
  <testcase classname="TestRunner.TestRunner" name="runScenario" time="25.444"/>
</testsuite> <!-- TestRunner.TestRunner -->
